[2026-04-07 20:27:59,041] INFO _log() L225   * Restarting with stat - call_trace=c:\users\55219\miniconda3\lib\site-packages\werkzeug\_internal.py L225 
[2026-04-07 20:28:15,946] INFO _log() L225   * Restarting with stat - call_trace=c:\users\55219\miniconda3\lib\site-packages\werkzeug\_internal.py L225 
[2026-04-07 20:28:28,226] INFO _log() L225   * Restarting with stat - call_trace=c:\users\55219\miniconda3\lib\site-packages\werkzeug\_internal.py L225 
[2026-04-07 20:28:33,180] INFO _log() L225   * Restarting with stat - call_trace=c:\users\55219\miniconda3\lib\site-packages\werkzeug\_internal.py L225 
[2026-04-07 20:29:09,685] INFO _log() L225   * Restarting with stat - call_trace=c:\users\55219\miniconda3\lib\site-packages\werkzeug\_internal.py L225 
[2026-04-07 20:32:34,912] INFO _log() L225   * Restarting with stat - call_trace=c:\users\55219\miniconda3\lib\site-packages\werkzeug\_internal.py L225 
[2026-04-07 20:35:20,490] INFO get_obesity_metrics() L82   None - call_trace=C:\Users\55219\Documents\workspace\pos\burnout\api\app.py L82  
[2026-04-07 20:35:22,189] ERROR log_exception() L1449 Exception on /obesity-metrics/1 [GET] - call_trace=c:\users\55219\miniconda3\lib\site-packages\flask\app.py L1449
Traceback (most recent call last):
  File "c:\users\55219\miniconda3\lib\site-packages\flask\app.py", line 2073, in wsgi_app
    response = self.full_dispatch_request()
  File "c:\users\55219\miniconda3\lib\site-packages\flask\app.py", line 1519, in full_dispatch_request
    rv = self.handle_user_exception(e)
  File "c:\users\55219\miniconda3\lib\site-packages\flask_cors\extension.py", line 165, in wrapped_function
    return cors_after_request(app.make_response(f(*args, **kwargs)))
  File "c:\users\55219\miniconda3\lib\site-packages\flask\app.py", line 1517, in full_dispatch_request
    rv = self.dispatch_request()
  File "c:\users\55219\miniconda3\lib\site-packages\flask\app.py", line 1503, in dispatch_request
    return self.ensure_sync(self.view_functions[rule.endpoint])(**req.view_args)
  File "c:\users\55219\miniconda3\lib\site-packages\flask_openapi3\scaffold.py", line 109, in wrapper
    resp = _do_wrapper(
  File "c:\users\55219\miniconda3\lib\site-packages\flask_openapi3\do_wrapper.py", line 135, in _do_wrapper
    response = func(**request_kwargs)
  File "C:\Users\55219\Documents\workspace\pos\burnout\api\app.py", line 110, in get_obesity_metrics_by_id
    return present_obesity_metrics(artist), 200
NameError: name 'artist' is not defined
[2026-04-07 20:35:32,594] ERROR log_exception() L1449 Exception on /obesity-metrics/1 [GET] - call_trace=c:\users\55219\miniconda3\lib\site-packages\flask\app.py L1449
Traceback (most recent call last):
  File "c:\users\55219\miniconda3\lib\site-packages\flask\app.py", line 2073, in wsgi_app
    response = self.full_dispatch_request()
  File "c:\users\55219\miniconda3\lib\site-packages\flask\app.py", line 1519, in full_dispatch_request
    rv = self.handle_user_exception(e)
  File "c:\users\55219\miniconda3\lib\site-packages\flask_cors\extension.py", line 165, in wrapped_function
    return cors_after_request(app.make_response(f(*args, **kwargs)))
  File "c:\users\55219\miniconda3\lib\site-packages\flask\app.py", line 1517, in full_dispatch_request
    rv = self.dispatch_request()
  File "c:\users\55219\miniconda3\lib\site-packages\flask\app.py", line 1503, in dispatch_request
    return self.ensure_sync(self.view_functions[rule.endpoint])(**req.view_args)
  File "c:\users\55219\miniconda3\lib\site-packages\flask_openapi3\scaffold.py", line 109, in wrapper
    resp = _do_wrapper(
  File "c:\users\55219\miniconda3\lib\site-packages\flask_openapi3\do_wrapper.py", line 135, in _do_wrapper
    response = func(**request_kwargs)
  File "C:\Users\55219\Documents\workspace\pos\burnout\api\app.py", line 110, in get_obesity_metrics_by_id
    return present_obesity_metrics(artist), 200
NameError: name 'artist' is not defined
[2026-04-07 20:35:52,826] INFO _log() L225   * Restarting with stat - call_trace=c:\users\55219\miniconda3\lib\site-packages\werkzeug\_internal.py L225 
[2026-04-07 21:07:35,283] INFO get_obesity_metrics() L82   None - call_trace=C:\Users\55219\Documents\workspace\pos\burnout\api\app.py L82  
[2026-04-07 21:07:59,845] INFO get_obesity_metrics() L82   None - call_trace=C:\Users\55219\Documents\workspace\pos\burnout\api\app.py L82  
[2026-04-07 21:09:18,335] INFO get_obesity_metrics() L82   None - call_trace=C:\Users\55219\Documents\workspace\pos\burnout\api\app.py L82  
[2026-04-07 21:09:59,090] INFO get_obesity_metrics() L82   None - call_trace=C:\Users\55219\Documents\workspace\pos\burnout\api\app.py L82  
[2026-04-07 21:12:42,492] INFO get_obesity_metrics() L82   None - call_trace=C:\Users\55219\Documents\workspace\pos\burnout\api\app.py L82  
[2026-04-07 21:14:32,028] INFO get_obesity_metrics() L82   None - call_trace=C:\Users\55219\Documents\workspace\pos\burnout\api\app.py L82  
[2026-04-07 21:20:30,267] INFO get_obesity_metrics() L82   None - call_trace=C:\Users\55219\Documents\workspace\pos\burnout\api\app.py L82  
[2026-04-07 21:25:36,493] INFO get_obesity_metrics() L82   None - call_trace=C:\Users\55219\Documents\workspace\pos\burnout\api\app.py L82  
[2026-04-07 21:26:28,406] INFO get_obesity_metrics() L82   None - call_trace=C:\Users\55219\Documents\workspace\pos\burnout\api\app.py L82  
[2026-04-07 21:28:30,630] INFO get_obesity_metrics() L82   None - call_trace=C:\Users\55219\Documents\workspace\pos\burnout\api\app.py L82  
[2026-04-07 21:29:53,317] INFO get_obesity_metrics() L82   None - call_trace=C:\Users\55219\Documents\workspace\pos\burnout\api\app.py L82  
[2026-04-07 21:30:20,357] INFO get_obesity_metrics() L82   None - call_trace=C:\Users\55219\Documents\workspace\pos\burnout\api\app.py L82  
[2026-04-07 21:30:30,982] INFO get_obesity_metrics() L82   None - call_trace=C:\Users\55219\Documents\workspace\pos\burnout\api\app.py L82  
[2026-04-07 21:32:17,123] INFO get_obesity_metrics() L82   None - call_trace=C:\Users\55219\Documents\workspace\pos\burnout\api\app.py L82  
[2026-04-07 21:34:30,637] INFO get_obesity_metrics() L82   None - call_trace=C:\Users\55219\Documents\workspace\pos\burnout\api\app.py L82  
[2026-04-07 21:36:40,247] INFO get_obesity_metrics() L82   None - call_trace=C:\Users\55219\Documents\workspace\pos\burnout\api\app.py L82  
[2026-04-07 21:37:12,773] INFO get_obesity_metrics() L82   None - call_trace=C:\Users\55219\Documents\workspace\pos\burnout\api\app.py L82  
[2026-04-07 21:40:08,095] INFO get_obesity_metrics() L82   None - call_trace=C:\Users\55219\Documents\workspace\pos\burnout\api\app.py L82  
[2026-04-07 21:42:23,816] INFO get_obesity_metrics() L82   None - call_trace=C:\Users\55219\Documents\workspace\pos\burnout\api\app.py L82  
[2026-04-07 21:43:06,683] INFO get_obesity_metrics() L82   None - call_trace=C:\Users\55219\Documents\workspace\pos\burnout\api\app.py L82  
[2026-04-07 21:44:57,010] INFO get_obesity_metrics() L82   None - call_trace=C:\Users\55219\Documents\workspace\pos\burnout\api\app.py L82  
[2026-04-07 21:46:37,227] INFO get_obesity_metrics() L82   None - call_trace=C:\Users\55219\Documents\workspace\pos\burnout\api\app.py L82  
[2026-04-07 21:47:55,191] INFO get_obesity_metrics() L82   None - call_trace=C:\Users\55219\Documents\workspace\pos\burnout\api\app.py L82  
[2026-04-07 21:50:00,301] INFO get_obesity_metrics() L82   None - call_trace=C:\Users\55219\Documents\workspace\pos\burnout\api\app.py L82  
[2026-04-07 21:50:53,025] INFO get_obesity_metrics() L82   None - call_trace=C:\Users\55219\Documents\workspace\pos\burnout\api\app.py L82  
[2026-04-07 21:52:54,271] INFO get_obesity_metrics() L82   None - call_trace=C:\Users\55219\Documents\workspace\pos\burnout\api\app.py L82  
[2026-04-07 21:57:04,328] INFO get_obesity_metrics() L82   None - call_trace=C:\Users\55219\Documents\workspace\pos\burnout\api\app.py L82  
[2026-04-07 21:58:19,538] INFO get_obesity_metrics() L82   None - call_trace=C:\Users\55219\Documents\workspace\pos\burnout\api\app.py L82  
[2026-04-07 21:58:46,732] INFO get_obesity_metrics() L82   None - call_trace=C:\Users\55219\Documents\workspace\pos\burnout\api\app.py L82  
[2026-04-07 22:00:10,647] INFO get_obesity_metrics() L82   None - call_trace=C:\Users\55219\Documents\workspace\pos\burnout\api\app.py L82  
[2026-04-07 22:00:23,206] INFO get_obesity_metrics() L82   None - call_trace=C:\Users\55219\Documents\workspace\pos\burnout\api\app.py L82  
[2026-04-07 22:01:03,214] INFO get_obesity_metrics() L82   None - call_trace=C:\Users\55219\Documents\workspace\pos\burnout\api\app.py L82  
[2026-04-07 22:01:41,325] INFO predict_obesity_level() L28   id=None name='' gender='Masculino' age=nan height=nan weight=nan family_history=False high_caloric_intake=False is_smoker=False calorie_monitoring=False vegetable_consumption=1.0 daily_meals_count=3.0 daily_water_intake=1.0 physical_activity_frequency=0.0 tech_usage_time=0.0 food_between_meals='0' alcohol_consumption='no' transportation_mode='Walking' obesity_level=None model_config={'from_attributes': True} - call_trace=C:\Users\55219\Documents\workspace\pos\burnout\api\app.py L28  
[2026-04-07 22:01:42,344] INFO predict_obesity_level() L31   [nan nan nan  1.  3.  1.  0.  0.  1.  0.  0.  0.  0.  0.  0.  0.  0.  0.
  0.  0.  0.  0.  1.] - call_trace=C:\Users\55219\Documents\workspace\pos\burnout\api\app.py L31  
[2026-04-07 22:01:42,359] INFO predict_obesity_level() L55   Processando prediçăo para paciente de idade: 'nan' - call_trace=C:\Users\55219\Documents\workspace\pos\burnout\api\app.py L55  
[2026-04-07 22:01:50,095] INFO predict_obesity_level() L31   [nan nan nan  1.  3.  1.  0.  0.  1.  0.  0.  0.  0.  0.  0.  0.  0.  0.
  0.  0.  0.  0.  1.] - call_trace=C:\Users\55219\Documents\workspace\pos\burnout\api\app.py L31  
